# JRE version: OpenJDK Runtime Environment (8.0_242-b01) (build 1.8.0_242-release-1644-b01)
# Java VM: OpenJDK 64-Bit Server VM (25.242-b01 mixed mode windows-amd64 compressed oops)
Heap:
 PSYoungGen      total 532480K, used 339205K [0x00000000d5580000, 0x00000000f9600000, 0x0000000100000000)
  eden space 481792K, 63% used [0x00000000d5580000,0x00000000e8054390,0x00000000f2c00000)
  from space 50688K, 65% used [0x00000000f6480000,0x00000000f84ed2a8,0x00000000f9600000)
  to   space 54272K, 0% used [0x00000000f2c00000,0x00000000f2c00000,0x00000000f6100000)
 ParOldGen       total 337920K, used 60380K [0x0000000080000000, 0x0000000094a00000, 0x00000000d5580000)
  object space 337920K, 17% used [0x0000000080000000,0x0000000083af71c8,0x0000000094a00000)
 Metaspace       used 122664K, capacity 131246K, committed 131480K, reserved 1163264K
  class space    used 16003K, capacity 17489K, committed 17576K, reserved 1048576K
GC Heap History (10 events):
Event: 181.800 GC heap before
{Heap before GC invocations=26 (full 4):
 PSYoungGen      total 448000K, used 438504K [0x00000000d5580000, 0x00000000f6780000, 0x0000000100000000)
  eden space 403968K, 100% used [0x00000000d5580000,0x00000000ee000000,0x00000000ee000000)
  from space 44032K, 78% used [0x00000000ee000000,0x00000000f01ba1d0,0x00000000f0b00000)
  to   space 47104K, 0% used [0x00000000f3980000,0x00000000f3980000,0x00000000f6780000)
 ParOldGen       total 337920K, used 60340K [0x0000000080000000, 0x0000000094a00000, 0x00000000d5580000)
  object space 337920K, 17% used [0x0000000080000000,0x0000000083aed1c8,0x0000000094a00000)
 Metaspace       used 119575K, capacity 126232K, committed 126360K, reserved 1159168K
  class space    used 15682K, capacity 16940K, committed 17064K, reserved 1048576K
Event: 181.867 GC heap after
Heap after GC invocations=26 (full 4):
 PSYoungGen      total 488448K, used 45322K [0x00000000d5580000, 0x00000000f6c80000, 0x0000000100000000)
  eden space 441344K, 0% used [0x00000000d5580000,0x00000000d5580000,0x00000000f0480000)
  from space 47104K, 96% used [0x00000000f3980000,0x00000000f65c2930,0x00000000f6780000)
  to   space 53248K, 0% used [0x00000000f0480000,0x00000000f0480000,0x00000000f3880000)
 ParOldGen       total 337920K, used 60348K [0x0000000080000000, 0x0000000094a00000, 0x00000000d5580000)
  object space 337920K, 17% used [0x0000000080000000,0x0000000083aef1c8,0x0000000094a00000)
 Metaspace       used 119575K, capacity 126232K, committed 126360K, reserved 1159168K
  class space    used 15682K, capacity 16940K, committed 17064K, reserved 1048576K
}
Event: 265.119 GC heap before
{Heap before GC invocations=27 (full 4):
 PSYoungGen      total 488448K, used 486666K [0x00000000d5580000, 0x00000000f6c80000, 0x0000000100000000)
  eden space 441344K, 100% used [0x00000000d5580000,0x00000000f0480000,0x00000000f0480000)
  from space 47104K, 96% used [0x00000000f3980000,0x00000000f65c2930,0x00000000f6780000)
  to   space 53248K, 0% used [0x00000000f0480000,0x00000000f0480000,0x00000000f3880000)
 ParOldGen       total 337920K, used 60348K [0x0000000080000000, 0x0000000094a00000, 0x00000000d5580000)
  object space 337920K, 17% used [0x0000000080000000,0x0000000083aef1c8,0x0000000094a00000)
 Metaspace       used 120364K, capacity 127406K, committed 127640K, reserved 1159168K
  class space    used 15746K, capacity 17055K, committed 17064K, reserved 1048576K
Event: 265.193 GC heap after
Heap after GC invocations=27 (full 4):
 PSYoungGen      total 494592K, used 31634K [0x00000000d5580000, 0x00000000f8c00000, 0x0000000100000000)
  eden space 441344K, 0% used [0x00000000d5580000,0x00000000d5580000,0x00000000f0480000)
  from space 53248K, 59% used [0x00000000f0480000,0x00000000f2364ba0,0x00000000f3880000)
  to   space 52736K, 0% used [0x00000000f5880000,0x00000000f5880000,0x00000000f8c00000)
 ParOldGen       total 337920K, used 60356K [0x0000000080000000, 0x0000000094a00000, 0x00000000d5580000)
  object space 337920K, 17% used [0x0000000080000000,0x0000000083af11c8,0x0000000094a00000)
 Metaspace       used 120364K, capacity 127406K, committed 127640K, reserved 1159168K
  class space    used 15746K, capacity 17055K, committed 17064K, reserved 1048576K
}
Event: 371.985 GC heap before
{Heap before GC invocations=28 (full 4):
 PSYoungGen      total 494592K, used 472978K [0x00000000d5580000, 0x00000000f8c00000, 0x0000000100000000)
  eden space 441344K, 100% used [0x00000000d5580000,0x00000000f0480000,0x00000000f0480000)
  from space 53248K, 59% used [0x00000000f0480000,0x00000000f2364ba0,0x00000000f3880000)
  to   space 52736K, 0% used [0x00000000f5880000,0x00000000f5880000,0x00000000f8c00000)
 ParOldGen       total 337920K, used 60356K [0x0000000080000000, 0x0000000094a00000, 0x00000000d5580000)
  object space 337920K, 17% used [0x0000000080000000,0x0000000083af11c8,0x0000000094a00000)
 Metaspace       used 121434K, capacity 129274K, committed 129432K, reserved 1161216K
  class space    used 15885K, capacity 17293K, committed 17320K, reserved 1048576K
Event: 372.034 GC heap after
Heap after GC invocations=28 (full 4):
 PSYoungGen      total 517120K, used 36509K [0x00000000d5580000, 0x00000000f8880000, 0x0000000100000000)
  eden space 467968K, 0% used [0x00000000d5580000,0x00000000d5580000,0x00000000f1e80000)
  from space 49152K, 74% used [0x00000000f5880000,0x00000000f7c277e0,0x00000000f8880000)
  to   space 54272K, 0% used [0x00000000f1e80000,0x00000000f1e80000,0x00000000f5380000)
 ParOldGen       total 337920K, used 60364K [0x0000000080000000, 0x0000000094a00000, 0x00000000d5580000)
  object space 337920K, 17% used [0x0000000080000000,0x0000000083af31c8,0x0000000094a00000)
 Metaspace       used 121434K, capacity 129274K, committed 129432K, reserved 1161216K
  class space    used 15885K, capacity 17293K, committed 17320K, reserved 1048576K
}
Event: 532.044 GC heap before
{Heap before GC invocations=29 (full 4):
 PSYoungGen      total 517120K, used 504477K [0x00000000d5580000, 0x00000000f8880000, 0x0000000100000000)
  eden space 467968K, 100% used [0x00000000d5580000,0x00000000f1e80000,0x00000000f1e80000)
  from space 49152K, 74% used [0x00000000f5880000,0x00000000f7c277e0,0x00000000f8880000)
  to   space 54272K, 0% used [0x00000000f1e80000,0x00000000f1e80000,0x00000000f5380000)
 ParOldGen       total 337920K, used 60364K [0x0000000080000000, 0x0000000094a00000, 0x00000000d5580000)
  object space 337920K, 17% used [0x0000000080000000,0x0000000083af31c8,0x0000000094a00000)
 Metaspace       used 121959K, capacity 130112K, committed 130328K, reserved 1163264K
  class space    used 15938K, capacity 17386K, committed 17448K, reserved 1048576K
Event: 532.083 GC heap after
Heap after GC invocations=29 (full 4):
 PSYoungGen      total 522240K, used 34471K [0x00000000d5580000, 0x00000000f9a00000, 0x0000000100000000)
  eden space 467968K, 0% used [0x00000000d5580000,0x00000000d5580000,0x00000000f1e80000)
  from space 54272K, 63% used [0x00000000f1e80000,0x00000000f4029d60,0x00000000f5380000)
  to   space 54784K, 0% used [0x00000000f6480000,0x00000000f6480000,0x00000000f9a00000)
 ParOldGen       total 337920K, used 60372K [0x0000000080000000, 0x0000000094a00000, 0x00000000d5580000)
  object space 337920K, 17% used [0x0000000080000000,0x0000000083af51c8,0x0000000094a00000)
 Metaspace       used 121959K, capacity 130112K, committed 130328K, reserved 1163264K
  class space    used 15938K, capacity 17386K, committed 17448K, reserved 1048576K
}
Event: 593.205 GC heap before
{Heap before GC invocations=30 (full 4):
 PSYoungGen      total 522240K, used 502439K [0x00000000d5580000, 0x00000000f9a00000, 0x0000000100000000)
  eden space 467968K, 100% used [0x00000000d5580000,0x00000000f1e80000,0x00000000f1e80000)
  from space 54272K, 63% used [0x00000000f1e80000,0x00000000f4029d60,0x00000000f5380000)
  to   space 54784K, 0% used [0x00000000f6480000,0x00000000f6480000,0x00000000f9a00000)
 ParOldGen       total 337920K, used 60372K [0x0000000080000000, 0x0000000094a00000, 0x00000000d5580000)
  object space 337920K, 17% used [0x0000000080000000,0x0000000083af51c8,0x0000000094a00000)
 Metaspace       used 122428K, capacity 130906K, committed 131224K, reserved 1163264K
  class space    used 15989K, capacity 17465K, committed 17576K, reserved 1048576K
Event: 593.247 GC heap after
Heap after GC invocations=30 (full 4):
 PSYoungGen      total 532480K, used 33204K [0x00000000d5580000, 0x00000000f9600000, 0x0000000100000000)
  eden space 481792K, 0% used [0x00000000d5580000,0x00000000d5580000,0x00000000f2c00000)
  from space 50688K, 65% used [0x00000000f6480000,0x00000000f84ed2a8,0x00000000f9600000)
  to   space 54272K, 0% used [0x00000000f2c00000,0x00000000f2c00000,0x00000000f6100000)
 ParOldGen       total 337920K, used 60380K [0x0000000080000000, 0x0000000094a00000, 0x00000000d5580000)
  object space 337920K, 17% used [0x0000000080000000,0x0000000083af71c8,0x0000000094a00000)
 Metaspace       used 122428K, capacity 130906K, committed 131224K, reserved 1163264K
  class space    used 15989K, capacity 17465K, committed 17576K, reserved 1048576K
}

