# JRE version: OpenJDK Runtime Environment (8.0_242-b01) (build 1.8.0_242-release-1644-b01)
# Java VM: OpenJDK 64-Bit Server VM (25.242-b01 mixed mode windows-amd64 compressed oops)
Heap:
 PSYoungGen      total 75776K, used 24549K [0x000000076bd00000, 0x0000000773380000, 0x00000007c0000000)
  eden space 65024K, 21% used [0x000000076bd00000,0x000000076ca81500,0x000000076fc80000)
  from space 10752K, 99% used [0x000000076fc80000,0x00000007706f82e8,0x0000000770700000)
  to   space 17920K, 0% used [0x0000000772200000,0x0000000772200000,0x0000000773380000)
 ParOldGen       total 121344K, used 21402K [0x00000006c3600000, 0x00000006cac80000, 0x000000076bd00000)
  object space 121344K, 17% used [0x00000006c3600000,0x00000006c4ae6858,0x00000006cac80000)
 Metaspace       used 41596K, capacity 42204K, committed 42544K, reserved 1087488K
  class space    used 5130K, capacity 5315K, committed 5424K, reserved 1048576K
GC Heap History (10 events):
Event: 2.769 GC heap before
{Heap before GC invocations=3 (full 1):
 PSYoungGen      total 75776K, used 9649K [0x000000076bd00000, 0x0000000771180000, 0x00000007c0000000)
  eden space 65024K, 0% used [0x000000076bd00000,0x000000076bd00000,0x000000076fc80000)
  from space 10752K, 89% used [0x0000000770700000,0x000000077106c408,0x0000000771180000)
  to   space 10752K, 0% used [0x000000076fc80000,0x000000076fc80000,0x0000000770700000)
 ParOldGen       total 173568K, used 4538K [0x00000006c3600000, 0x00000006cdf80000, 0x000000076bd00000)
  object space 173568K, 2% used [0x00000006c3600000,0x00000006c3a6ebb8,0x00000006cdf80000)
 Metaspace       used 20785K, capacity 21154K, committed 21296K, reserved 1069056K
  class space    used 2441K, capacity 2561K, committed 2608K, reserved 1048576K
Event: 2.837 GC heap after
Heap after GC invocations=3 (full 1):
 PSYoungGen      total 75776K, used 0K [0x000000076bd00000, 0x0000000771180000, 0x00000007c0000000)
  eden space 65024K, 0% used [0x000000076bd00000,0x000000076bd00000,0x000000076fc80000)
  from space 10752K, 0% used [0x0000000770700000,0x0000000770700000,0x0000000771180000)
  to   space 10752K, 0% used [0x000000076fc80000,0x000000076fc80000,0x0000000770700000)
 ParOldGen       total 121344K, used 9359K [0x00000006c3600000, 0x00000006cac80000, 0x000000076bd00000)
  object space 121344K, 7% used [0x00000006c3600000,0x00000006c3f23e58,0x00000006cac80000)
 Metaspace       used 20785K, capacity 21154K, committed 21296K, reserved 1069056K
  class space    used 2441K, capacity 2561K, committed 2608K, reserved 1048576K
}
Event: 4.423 GC heap before
{Heap before GC invocations=4 (full 1):
 PSYoungGen      total 75776K, used 65024K [0x000000076bd00000, 0x0000000771180000, 0x00000007c0000000)
  eden space 65024K, 100% used [0x000000076bd00000,0x000000076fc80000,0x000000076fc80000)
  from space 10752K, 0% used [0x0000000770700000,0x0000000770700000,0x0000000771180000)
  to   space 10752K, 0% used [0x000000076fc80000,0x000000076fc80000,0x0000000770700000)
 ParOldGen       total 121344K, used 9359K [0x00000006c3600000, 0x00000006cac80000, 0x000000076bd00000)
  object space 121344K, 7% used [0x00000006c3600000,0x00000006c3f23e58,0x00000006cac80000)
 Metaspace       used 29243K, capacity 29728K, committed 30128K, reserved 1075200K
  class space    used 3515K, capacity 3658K, committed 3760K, reserved 1048576K
Event: 4.441 GC heap after
Heap after GC invocations=4 (full 1):
 PSYoungGen      total 75776K, used 10745K [0x000000076bd00000, 0x0000000771180000, 0x00000007c0000000)
  eden space 65024K, 0% used [0x000000076bd00000,0x000000076bd00000,0x000000076fc80000)
  from space 10752K, 99% used [0x000000076fc80000,0x00000007706fe5e8,0x0000000770700000)
  to   space 10752K, 0% used [0x0000000770700000,0x0000000770700000,0x0000000771180000)
 ParOldGen       total 121344K, used 14797K [0x00000006c3600000, 0x00000006cac80000, 0x000000076bd00000)
  object space 121344K, 12% used [0x00000006c3600000,0x00000006c4473430,0x00000006cac80000)
 Metaspace       used 29243K, capacity 29728K, committed 30128K, reserved 1075200K
  class space    used 3515K, capacity 3658K, committed 3760K, reserved 1048576K
}
Event: 5.298 GC heap before
{Heap before GC invocations=5 (full 1):
 PSYoungGen      total 75776K, used 37953K [0x000000076bd00000, 0x0000000771180000, 0x00000007c0000000)
  eden space 65024K, 41% used [0x000000076bd00000,0x000000076d792138,0x000000076fc80000)
  from space 10752K, 99% used [0x000000076fc80000,0x00000007706fe5e8,0x0000000770700000)
  to   space 10752K, 0% used [0x0000000770700000,0x0000000770700000,0x0000000771180000)
 ParOldGen       total 121344K, used 14797K [0x00000006c3600000, 0x00000006cac80000, 0x000000076bd00000)
  object space 121344K, 12% used [0x00000006c3600000,0x00000006c4473430,0x00000006cac80000)
 Metaspace       used 34763K, capacity 35239K, committed 35496K, reserved 1081344K
  class space    used 4437K, capacity 4583K, committed 4656K, reserved 1048576K
Event: 5.312 GC heap after
Heap after GC invocations=5 (full 1):
 PSYoungGen      total 75776K, used 10735K [0x000000076bd00000, 0x0000000772900000, 0x00000007c0000000)
  eden space 65024K, 0% used [0x000000076bd00000,0x000000076bd00000,0x000000076fc80000)
  from space 10752K, 99% used [0x0000000770700000,0x000000077117bdb0,0x0000000771180000)
  to   space 10752K, 0% used [0x000000076fc80000,0x000000076fc80000,0x0000000770700000)
 ParOldGen       total 121344K, used 18202K [0x00000006c3600000, 0x00000006cac80000, 0x000000076bd00000)
  object space 121344K, 15% used [0x00000006c3600000,0x00000006c47c6a68,0x00000006cac80000)
 Metaspace       used 34763K, capacity 35239K, committed 35496K, reserved 1081344K
  class space    used 4437K, capacity 4583K, committed 4656K, reserved 1048576K
}
Event: 5.312 GC heap before
{Heap before GC invocations=6 (full 2):
 PSYoungGen      total 75776K, used 10735K [0x000000076bd00000, 0x0000000772900000, 0x00000007c0000000)
  eden space 65024K, 0% used [0x000000076bd00000,0x000000076bd00000,0x000000076fc80000)
  from space 10752K, 99% used [0x0000000770700000,0x000000077117bdb0,0x0000000771180000)
  to   space 10752K, 0% used [0x000000076fc80000,0x000000076fc80000,0x0000000770700000)
 ParOldGen       total 121344K, used 18202K [0x00000006c3600000, 0x00000006cac80000, 0x000000076bd00000)
  object space 121344K, 15% used [0x00000006c3600000,0x00000006c47c6a68,0x00000006cac80000)
 Metaspace       used 34763K, capacity 35239K, committed 35496K, reserved 1081344K
  class space    used 4437K, capacity 4583K, committed 4656K, reserved 1048576K
Event: 5.388 GC heap after
Heap after GC invocations=6 (full 2):
 PSYoungGen      total 75776K, used 0K [0x000000076bd00000, 0x0000000772900000, 0x00000007c0000000)
  eden space 65024K, 0% used [0x000000076bd00000,0x000000076bd00000,0x000000076fc80000)
  from space 10752K, 0% used [0x0000000770700000,0x0000000770700000,0x0000000771180000)
  to   space 10752K, 0% used [0x000000076fc80000,0x000000076fc80000,0x0000000770700000)
 ParOldGen       total 121344K, used 19424K [0x00000006c3600000, 0x00000006cac80000, 0x000000076bd00000)
  object space 121344K, 16% used [0x00000006c3600000,0x00000006c48f8228,0x00000006cac80000)
 Metaspace       used 34763K, capacity 35239K, committed 35496K, reserved 1081344K
  class space    used 4437K, capacity 4583K, committed 4656K, reserved 1048576K
}
Event: 6.759 GC heap before
{Heap before GC invocations=7 (full 2):
 PSYoungGen      total 75776K, used 65024K [0x000000076bd00000, 0x0000000772900000, 0x00000007c0000000)
  eden space 65024K, 100% used [0x000000076bd00000,0x000000076fc80000,0x000000076fc80000)
  from space 10752K, 0% used [0x0000000770700000,0x0000000770700000,0x0000000771180000)
  to   space 10752K, 0% used [0x000000076fc80000,0x000000076fc80000,0x0000000770700000)
 ParOldGen       total 121344K, used 19424K [0x00000006c3600000, 0x00000006cac80000, 0x000000076bd00000)
  object space 121344K, 16% used [0x00000006c3600000,0x00000006c48f8228,0x00000006cac80000)
 Metaspace       used 40473K, capacity 41088K, committed 41392K, reserved 1085440K
  class space    used 5075K, capacity 5247K, committed 5296K, reserved 1048576K
Event: 6.771 GC heap after
Heap after GC invocations=7 (full 2):
 PSYoungGen      total 75776K, used 10720K [0x000000076bd00000, 0x0000000773380000, 0x00000007c0000000)
  eden space 65024K, 0% used [0x000000076bd00000,0x000000076bd00000,0x000000076fc80000)
  from space 10752K, 99% used [0x000000076fc80000,0x00000007706f82e8,0x0000000770700000)
  to   space 17920K, 0% used [0x0000000772200000,0x0000000772200000,0x0000000773380000)
 ParOldGen       total 121344K, used 21402K [0x00000006c3600000, 0x00000006cac80000, 0x000000076bd00000)
  object space 121344K, 17% used [0x00000006c3600000,0x00000006c4ae6858,0x00000006cac80000)
 Metaspace       used 40473K, capacity 41088K, committed 41392K, reserved 1085440K
  class space    used 5075K, capacity 5247K, committed 5296K, reserved 1048576K
}

